<?xml version="1.0" encoding="UTF-8"?>
<!-- Generated by org.testng.reporters.JUnitReportReporter -->
<testsuite hostname="WIN-FO8P8688G06" failures="0" tests="2" name="com.example.AppTest" time="0.234" errors="0" timestamp="2025-09-24T11:09:59 IST" skipped="0">
  <testcase classname="com.example.AppTest" name="testAddition" time="0.218"/>
  <system-out/>
  <testcase classname="com.example.AppTest" name="testSub" time="0.016"/>
  <system-out/>
</testsuite> <!-- com.example.AppTest -->
